# JRE version: OpenJDK Runtime Environment (11.0.8) (build 11.0.8+0-b944-P17168821)
# Java VM: OpenJDK 64-Bit Server VM (11.0.8+0-b944-6842174, mixed mode, tiered, compressed oops, g1 gc, linux-amd64)
Heap:
 garbage-first heap   total 533504K, used 161474K [0x0000000080000000, 0x0000000100000000)
  region size 1024K, 16 young (16384K), 16 survivors (16384K)
 Metaspace       used 116064K, capacity 119202K, committed 119296K, reserved 1153024K
  class space    used 14446K, capacity 15522K, committed 15616K, reserved 1048576K
GC Heap History (20 events):
Event: 206,497 GC heap after
{Heap after GC invocations=67 (full 0):
 garbage-first heap   total 204800K, used 137683K [0x0000000080000000, 0x0000000100000000)
  region size 1024K, 4 young (4096K), 4 survivors (4096K)
 Metaspace       used 114493K, capacity 117656K, committed 118016K, reserved 1150976K
  class space    used 14407K, capacity 15473K, committed 15616K, reserved 1048576K
}
Event: 206,594 GC heap before
{Heap before GC invocations=67 (full 0):
 garbage-first heap   total 204800K, used 143827K [0x0000000080000000, 0x0000000100000000)
  region size 1024K, 10 young (10240K), 4 survivors (4096K)
 Metaspace       used 114515K, capacity 117659K, committed 118016K, reserved 1150976K
  class space    used 14413K, capacity 15474K, committed 15616K, reserved 1048576K
}
Event: 206,628 GC heap after
{Heap after GC invocations=68 (full 0):
 garbage-first heap   total 204800K, used 132810K [0x0000000080000000, 0x0000000100000000)
  region size 1024K, 1 young (1024K), 1 survivors (1024K)
 Metaspace       used 114515K, capacity 117659K, committed 118016K, reserved 1150976K
  class space    used 14413K, capacity 15474K, committed 15616K, reserved 1048576K
}
Event: 206,937 GC heap before
{Heap before GC invocations=68 (full 0):
 garbage-first heap   total 204800K, used 172746K [0x0000000080000000, 0x0000000100000000)
  region size 1024K, 40 young (40960K), 1 survivors (1024K)
 Metaspace       used 114644K, capacity 117790K, committed 118272K, reserved 1153024K
  class space    used 14421K, capacity 15475K, committed 15616K, reserved 1048576K
}
Event: 206,965 GC heap after
{Heap after GC invocations=69 (full 0):
 garbage-first heap   total 258048K, used 135281K [0x0000000080000000, 0x0000000100000000)
  region size 1024K, 4 young (4096K), 4 survivors (4096K)
 Metaspace       used 114644K, capacity 117790K, committed 118272K, reserved 1153024K
  class space    used 14421K, capacity 15475K, committed 15616K, reserved 1048576K
}
Event: 207,504 GC heap before
{Heap before GC invocations=69 (full 0):
 garbage-first heap   total 258048K, used 196721K [0x0000000080000000, 0x0000000100000000)
  region size 1024K, 64 young (65536K), 4 survivors (4096K)
 Metaspace       used 114673K, capacity 117796K, committed 118272K, reserved 1153024K
  class space    used 14422K, capacity 15477K, committed 15616K, reserved 1048576K
}
Event: 207,522 GC heap after
{Heap after GC invocations=70 (full 0):
 garbage-first heap   total 258048K, used 138371K [0x0000000080000000, 0x0000000100000000)
  region size 1024K, 7 young (7168K), 7 survivors (7168K)
 Metaspace       used 114673K, capacity 117796K, committed 118272K, reserved 1153024K
  class space    used 14422K, capacity 15477K, committed 15616K, reserved 1048576K
}
Event: 208,056 GC heap before
{Heap before GC invocations=70 (full 0):
 garbage-first heap   total 258048K, used 200835K [0x0000000080000000, 0x0000000100000000)
  region size 1024K, 68 young (69632K), 7 survivors (7168K)
 Metaspace       used 114912K, capacity 118033K, committed 118272K, reserved 1153024K
  class space    used 14439K, capacity 15511K, committed 15616K, reserved 1048576K
}
Event: 208,087 GC heap after
{Heap after GC invocations=71 (full 0):
 garbage-first heap   total 258048K, used 141404K [0x0000000080000000, 0x0000000100000000)
  region size 1024K, 7 young (7168K), 7 survivors (7168K)
 Metaspace       used 114912K, capacity 118033K, committed 118272K, reserved 1153024K
  class space    used 14439K, capacity 15511K, committed 15616K, reserved 1048576K
}
Event: 208,551 GC heap before
{Heap before GC invocations=71 (full 0):
 garbage-first heap   total 258048K, used 203868K [0x0000000080000000, 0x0000000100000000)
  region size 1024K, 68 young (69632K), 7 survivors (7168K)
 Metaspace       used 114942K, capacity 118099K, committed 118528K, reserved 1153024K
  class space    used 14439K, capacity 15511K, committed 15616K, reserved 1048576K
}
Event: 208,578 GC heap after
{Heap after GC invocations=72 (full 0):
 garbage-first heap   total 258048K, used 144005K [0x0000000080000000, 0x0000000100000000)
  region size 1024K, 6 young (6144K), 6 survivors (6144K)
 Metaspace       used 114942K, capacity 118099K, committed 118528K, reserved 1153024K
  class space    used 14439K, capacity 15511K, committed 15616K, reserved 1048576K
}
Event: 209,097 GC heap before
{Heap before GC invocations=72 (full 0):
 garbage-first heap   total 258048K, used 207493K [0x0000000080000000, 0x0000000100000000)
  region size 1024K, 68 young (69632K), 6 survivors (6144K)
 Metaspace       used 115031K, capacity 118179K, committed 118528K, reserved 1153024K
  class space    used 14442K, capacity 15515K, committed 15616K, reserved 1048576K
}
Event: 209,119 GC heap after
{Heap after GC invocations=73 (full 0):
 garbage-first heap   total 377856K, used 147140K [0x0000000080000000, 0x0000000100000000)
  region size 1024K, 7 young (7168K), 7 survivors (7168K)
 Metaspace       used 115031K, capacity 118179K, committed 118528K, reserved 1153024K
  class space    used 14442K, capacity 15515K, committed 15616K, reserved 1048576K
}
Event: 210,135 GC heap before
{Heap before GC invocations=73 (full 0):
 garbage-first heap   total 377856K, used 264900K [0x0000000080000000, 0x0000000100000000)
  region size 1024K, 122 young (124928K), 7 survivors (7168K)
 Metaspace       used 115409K, capacity 118577K, committed 118784K, reserved 1153024K
  class space    used 14442K, capacity 15515K, committed 15616K, reserved 1048576K
}
Event: 210,171 GC heap after
{Heap after GC invocations=74 (full 0):
 garbage-first heap   total 377856K, used 151194K [0x0000000080000000, 0x0000000100000000)
  region size 1024K, 11 young (11264K), 11 survivors (11264K)
 Metaspace       used 115409K, capacity 118577K, committed 118784K, reserved 1153024K
  class space    used 14442K, capacity 15515K, committed 15616K, reserved 1048576K
}
Event: 211,165 GC heap before
{Heap before GC invocations=74 (full 0):
 garbage-first heap   total 377856K, used 282266K [0x0000000080000000, 0x0000000100000000)
  region size 1024K, 139 young (142336K), 11 survivors (11264K)
 Metaspace       used 115733K, capacity 118892K, committed 119040K, reserved 1153024K
  class space    used 14446K, capacity 15522K, committed 15616K, reserved 1048576K
}
Event: 211,208 GC heap after
{Heap after GC invocations=75 (full 0):
 garbage-first heap   total 377856K, used 153306K [0x0000000080000000, 0x0000000100000000)
  region size 1024K, 11 young (11264K), 11 survivors (11264K)
 Metaspace       used 115733K, capacity 118892K, committed 119040K, reserved 1153024K
  class space    used 14446K, capacity 15522K, committed 15616K, reserved 1048576K
}
Event: 211,966 GC heap before
{Heap before GC invocations=75 (full 0):
 garbage-first heap   total 377856K, used 289498K [0x0000000080000000, 0x0000000100000000)
  region size 1024K, 144 young (147456K), 11 survivors (11264K)
 Metaspace       used 115813K, capacity 118960K, committed 119296K, reserved 1153024K
  class space    used 14446K, capacity 15522K, committed 15616K, reserved 1048576K
}
Event: 211,999 GC heap after
{Heap after GC invocations=76 (full 0):
 garbage-first heap   total 377856K, used 155894K [0x0000000080000000, 0x0000000100000000)
  region size 1024K, 10 young (10240K), 10 survivors (10240K)
 Metaspace       used 115813K, capacity 118960K, committed 119296K, reserved 1153024K
  class space    used 14446K, capacity 15522K, committed 15616K, reserved 1048576K
}
Event: 212,979 GC heap before
{Heap before GC invocations=76 (full 0):
 garbage-first heap   total 377856K, used 299254K [0x0000000080000000, 0x0000000100000000)
  region size 1024K, 149 young (152576K), 10 survivors (10240K)
 Metaspace       used 116064K, capacity 119202K, committed 119296K, reserved 1153024K
  class space    used 14446K, capacity 15522K, committed 15616K, reserved 1048576K
}

