# JRE version: OpenJDK Runtime Environment (11.0.8) (build 11.0.8+0-b944-P17168821)
# Java VM: OpenJDK 64-Bit Server VM (11.0.8+0-b944-6842174, mixed mode, tiered, compressed oops, g1 gc, linux-amd64)
Heap:
 garbage-first heap   total 1073152K, used 172869K [0x0000000080000000, 0x0000000100000000)
  region size 1024K, 1 young (1024K), 1 survivors (1024K)
 Metaspace       used 143371K, capacity 147357K, committed 147532K, reserved 1177600K
  class space    used 16986K, capacity 18378K, committed 18508K, reserved 1048576K
GC Heap History (20 events):
Event: 4667,487 GC heap after
{Heap after GC invocations=108 (full 0):
 garbage-first heap   total 324608K, used 145014K [0x0000000080000000, 0x0000000100000000)
  region size 1024K, 15 young (15360K), 15 survivors (15360K)
 Metaspace       used 141959K, capacity 145949K, committed 146124K, reserved 1177600K
  class space    used 16940K, capacity 18332K, committed 18380K, reserved 1048576K
}
Event: 4668,623 GC heap before
{Heap before GC invocations=108 (full 0):
 garbage-first heap   total 324608K, used 257654K [0x0000000080000000, 0x0000000100000000)
  region size 1024K, 125 young (128000K), 15 survivors (15360K)
 Metaspace       used 142251K, capacity 146301K, committed 146636K, reserved 1177600K
  class space    used 16953K, capacity 18336K, committed 18380K, reserved 1048576K
}
Event: 4668,689 GC heap after
{Heap after GC invocations=109 (full 0):
 garbage-first heap   total 324608K, used 155136K [0x0000000080000000, 0x0000000100000000)
  region size 1024K, 14 young (14336K), 14 survivors (14336K)
 Metaspace       used 142251K, capacity 146301K, committed 146636K, reserved 1177600K
  class space    used 16953K, capacity 18336K, committed 18380K, reserved 1048576K
}
Event: 4669,578 GC heap before
{Heap before GC invocations=109 (full 0):
 garbage-first heap   total 324608K, used 260608K [0x0000000080000000, 0x0000000100000000)
  region size 1024K, 117 young (119808K), 14 survivors (14336K)
 Metaspace       used 142406K, capacity 146452K, committed 146636K, reserved 1177600K
  class space    used 16957K, capacity 18340K, committed 18380K, reserved 1048576K
}
Event: 4669,623 GC heap after
{Heap after GC invocations=110 (full 0):
 garbage-first heap   total 324608K, used 157028K [0x0000000080000000, 0x0000000100000000)
  region size 1024K, 4 young (4096K), 4 survivors (4096K)
 Metaspace       used 142406K, capacity 146452K, committed 146636K, reserved 1177600K
  class space    used 16957K, capacity 18340K, committed 18380K, reserved 1048576K
}
Event: 4670,589 GC heap before
{Heap before GC invocations=110 (full 0):
 garbage-first heap   total 324608K, used 264548K [0x0000000080000000, 0x0000000100000000)
  region size 1024K, 109 young (111616K), 4 survivors (4096K)
 Metaspace       used 142848K, capacity 146892K, committed 147276K, reserved 1177600K
  class space    used 16983K, capacity 18375K, committed 18508K, reserved 1048576K
}
Event: 4670,625 GC heap after
{Heap after GC invocations=111 (full 0):
 garbage-first heap   total 324608K, used 158562K [0x0000000080000000, 0x0000000100000000)
  region size 1024K, 6 young (6144K), 6 survivors (6144K)
 Metaspace       used 142848K, capacity 146892K, committed 147276K, reserved 1177600K
  class space    used 16983K, capacity 18375K, committed 18508K, reserved 1048576K
}
Event: 4671,480 GC heap before
{Heap before GC invocations=111 (full 0):
 garbage-first heap   total 324608K, used 268130K [0x0000000080000000, 0x0000000100000000)
  region size 1024K, 113 young (115712K), 6 survivors (6144K)
 Metaspace       used 143065K, capacity 147119K, committed 147532K, reserved 1177600K
  class space    used 16985K, capacity 18377K, committed 18508K, reserved 1048576K
}
Event: 4671,525 GC heap after
{Heap after GC invocations=112 (full 0):
 garbage-first heap   total 324608K, used 162632K [0x0000000080000000, 0x0000000100000000)
  region size 1024K, 10 young (10240K), 10 survivors (10240K)
 Metaspace       used 143065K, capacity 147119K, committed 147532K, reserved 1177600K
  class space    used 16985K, capacity 18377K, committed 18508K, reserved 1048576K
}
Event: 4672,354 GC heap before
{Heap before GC invocations=112 (full 0):
 garbage-first heap   total 324608K, used 269128K [0x0000000080000000, 0x0000000100000000)
  region size 1024K, 115 young (117760K), 10 survivors (10240K)
 Metaspace       used 143148K, capacity 147195K, committed 147532K, reserved 1177600K
  class space    used 16985K, capacity 18377K, committed 18508K, reserved 1048576K
}
Event: 4672,402 GC heap after
{Heap after GC invocations=113 (full 0):
 garbage-first heap   total 324608K, used 167703K [0x0000000080000000, 0x0000000100000000)
  region size 1024K, 12 young (12288K), 12 survivors (12288K)
 Metaspace       used 143148K, capacity 147195K, committed 147532K, reserved 1177600K
  class space    used 16985K, capacity 18377K, committed 18508K, reserved 1048576K
}
Event: 4673,113 GC heap before
{Heap before GC invocations=113 (full 0):
 garbage-first heap   total 324608K, used 271127K [0x0000000080000000, 0x0000000100000000)
  region size 1024K, 113 young (115712K), 12 survivors (12288K)
 Metaspace       used 143299K, capacity 147341K, committed 147532K, reserved 1177600K
  class space    used 16985K, capacity 18377K, committed 18508K, reserved 1048576K
}
Event: 4673,185 GC heap after
{Heap after GC invocations=114 (full 0):
 garbage-first heap   total 390144K, used 172290K [0x0000000080000000, 0x0000000100000000)
  region size 1024K, 12 young (12288K), 12 survivors (12288K)
 Metaspace       used 143299K, capacity 147341K, committed 147532K, reserved 1177600K
  class space    used 16985K, capacity 18377K, committed 18508K, reserved 1048576K
}
Event: 4801,782 GC heap before
{Heap before GC invocations=114 (full 0):
 garbage-first heap   total 390144K, used 313602K [0x0000000080000000, 0x0000000100000000)
  region size 1024K, 151 young (154624K), 12 survivors (12288K)
 Metaspace       used 143368K, capacity 147354K, committed 147532K, reserved 1177600K
  class space    used 16985K, capacity 18377K, committed 18508K, reserved 1048576K
}
Event: 4819,458 GC heap after
{Heap after GC invocations=115 (full 0):
 garbage-first heap   total 390144K, used 171909K [0x0000000080000000, 0x0000000100000000)
  region size 1024K, 6 young (6144K), 6 survivors (6144K)
 Metaspace       used 143368K, capacity 147354K, committed 147532K, reserved 1177600K
  class space    used 16985K, capacity 18377K, committed 18508K, reserved 1048576K
}
Event: 4827,699 GC heap before
{Heap before GC invocations=115 (full 0):
 garbage-first heap   total 390144K, used 185221K [0x0000000080000000, 0x0000000100000000)
  region size 1024K, 19 young (19456K), 6 survivors (6144K)
 Metaspace       used 143368K, capacity 147354K, committed 147532K, reserved 1177600K
  class space    used 16985K, capacity 18377K, committed 18508K, reserved 1048576K
}
Event: 4874,455 GC heap after
{Heap after GC invocations=116 (full 0):
 garbage-first heap   total 390144K, used 173034K [0x0000000080000000, 0x0000000100000000)
  region size 1024K, 1 young (1024K), 1 survivors (1024K)
 Metaspace       used 143368K, capacity 147354K, committed 147532K, reserved 1177600K
  class space    used 16985K, capacity 18377K, committed 18508K, reserved 1048576K
}
Event: 4888,444 GC heap before
{Heap before GC invocations=116 (full 0):
 garbage-first heap   total 390144K, used 191466K [0x0000000080000000, 0x0000000100000000)
  region size 1024K, 19 young (19456K), 1 survivors (1024K)
 Metaspace       used 143368K, capacity 147354K, committed 147532K, reserved 1177600K
  class space    used 16985K, capacity 18377K, committed 18508K, reserved 1048576K
}
Event: 4908,144 GC heap after
{Heap after GC invocations=117 (full 0):
 garbage-first heap   total 390144K, used 172580K [0x0000000080000000, 0x0000000100000000)
  region size 1024K, 1 young (1024K), 1 survivors (1024K)
 Metaspace       used 143368K, capacity 147354K, committed 147532K, reserved 1177600K
  class space    used 16985K, capacity 18377K, committed 18508K, reserved 1048576K
}
Event: 4962,097 GC heap before
{Heap before GC invocations=117 (full 0):
 garbage-first heap   total 390144K, used 191012K [0x0000000080000000, 0x0000000100000000)
  region size 1024K, 19 young (19456K), 1 survivors (1024K)
 Metaspace       used 143371K, capacity 147357K, committed 147532K, reserved 1177600K
  class space    used 16986K, capacity 18378K, committed 18508K, reserved 1048576K
}

